<?xml version="1.0" encoding="UTF-8"?>
<!-- Generated by org.testng.reporters.JUnitXMLReporter -->
<testsuite ignored="0" hostname="DESKTOP-CGP7FS0" failures="1" tests="10" name="Test" time="130.596" errors="0" timestamp="2021-09-26T18:19:51 IST">
  <testcase classname="runner.runnerFile" name="search" time="21.822"/>
  <testcase classname="runner.runnerFile" name="lists" time="10.584"/>
  <testcase classname="runner.runnerFile" name="hovering" time="13.399"/>
  <testcase classname="runner.runnerFile" name="titleVerification" time="12.322"/>
  <testcase classname="runner.runnerFile" name="studytableVerification" time="10.976"/>
  <testcase classname="runner.runnerFile" name="email" time="15.815"/>
  <testcase classname="runner.runnerFile" name="correctEmail" time="17.562"/>
  <testcase classname="runner.runnerFile" name="Subscription" time="11.076"/>
  <testcase classname="runner.runnerFile" name="socialmedia" time="10.495"/>
  <testcase classname="runner.runnerFile" name="address" time="6.448">
    <failure type="java.lang.AssertionError" message="expected [false] but found [true]">
      <![CDATA[java.lang.AssertionError: expected [false] but found [true]
at runner.runnerFile.address(runnerFile.java:181)
at java.base/java.util.ArrayList.forEach(ArrayList.java:1541)
... Removed 33 stack frames]]>
    </failure>
  </testcase> <!-- address -->
</testsuite> <!-- Test -->
